[ERROR][2015-05-22 14:00:43] - Controller '\KB\DemoBundle\Controllers\DemonController' doesn't exist.
[ERROR][2015-05-22 14:00:43] - Controller '\KB\DemoBundle\Controllers\DemonController' doesn't exist.
[ERROR][2015-05-22 14:00:44] - Controller '\KB\DemoBundle\Controllers\DemonController' doesn't exist.
[ERROR][2015-05-22 14:02:18] - Controller '\KB\DemoBundle\Controllers\DemonController' doesn't exist.
[ERROR][2015-05-22 14:02:18] - Controller '\KB\DemoBundle\Controllers\DemonController' doesn't exist.
[ERROR][2015-05-22 14:02:19] - Controller '\KB\DemoBundle\Controllers\DemonController' doesn't exist.
[ERROR][2015-05-22 14:03:51] - Controller '\KB\DemoBundle\Controllers\DemonController' doesn't exist.
[ERROR][2015-05-22 14:04:03] - Controller '\KB\DemoBundle\Controllers\DemonController' doesn't exist.
[ERROR][2015-05-22 14:04:18] - Controller '\KB\DemoBundle\Controllers\DemonController' doesn't exist.
[ERROR][2015-05-22 14:04:32] - Controller '\KB\DemoBundle\Controllers\DemonController' doesn't exist.
[ERROR][2015-05-22 14:04:48] - Controller '\KB\DemoBundle\Controllers\DemonController' doesn't exist.
[ERROR][2015-05-22 14:06:46] - File /Users/kevinbalicot/Dropbox/www/MiniFrameworkPhp/config/./../views/demo.html.php does not exist
[ERROR][2015-05-22 14:06:48] - File /Users/kevinbalicot/Dropbox/www/MiniFrameworkPhp/config/./../views/demo.html.php does not exist
[ERROR][2015-05-22 14:09:54] - File /Users/kevinbalicot/Dropbox/www/MiniFrameworkPhp/config/./../views/dmo.html.php does not exist
[ERROR][2015-05-22 14:09:54] - File /Users/kevinbalicot/Dropbox/www/MiniFrameworkPhp/config/./../views/dmo.html.php does not exist
[ERROR][2015-05-22 14:09:55] - File /Users/kevinbalicot/Dropbox/www/MiniFrameworkPhp/config/./../views/dmo.html.php does not exist
[ERROR][2015-05-22 14:09:55] - File /Users/kevinbalicot/Dropbox/www/MiniFrameworkPhp/config/./../views/dmo.html.php does not exist
[ERROR][2015-05-22 15:00:26] - File /Users/kevinbalicot/Dropbox/www/MiniFrameworkPhp/config/./../views/dmo.html.php does not exist
[2015-05-22 15:07:13] - [NOTICE][2015-05-22 15:07:13] - File /Users/kevinbalicot/Dropbox/www/MiniFrameworkPhp/config/./../views/dmo.html.php does not exist
[2015-05-22 15:07:13] - [NOTICE][2015-05-22 15:07:13] - File /Users/kevinbalicot/Dropbox/www/MiniFrameworkPhp/config/./../views/dmo.html.php does not exist
[2015-05-22 15:07:47] - [NOTICE]File /Users/kevinbalicot/Dropbox/www/MiniFrameworkPhp/config/./../views/dmo.html.php does not exist
[2015-05-22 15:07:48] - [NOTICE]File /Users/kevinbalicot/Dropbox/www/MiniFrameworkPhp/config/./../views/dmo.html.php does not exist
[2015-05-22 15:08:38] - [NOTICE] File /Users/kevinbalicot/Dropbox/www/MiniFrameworkPhp/config/./../views/dmo.html.php does not exist
[2015-05-22 15:08:38] - [NOTICE] File /Users/kevinbalicot/Dropbox/www/MiniFrameworkPhp/config/./../views/dmo.html.php does not exist
[2015-05-22 15:12:27] - [NOTICE] File /Users/kevinbalicot/Dropbox/www/MiniFrameworkPhp/config/./../views/dmo.html.php does not exist
[2015-05-22 15:13:12] - [NOTICE] File /Users/kevinbalicot/Dropbox/www/MiniFrameworkPhp/config/./../views/dmo.html.php does not exist
[2015-05-22 15:13:54] - [NOTICE] File /Users/kevinbalicot/Dropbox/www/MiniFrameworkPhp/config/./../views/dmo.html.php does not exist
[2015-05-22 15:13:54] - [NOTICE] File /Users/kevinbalicot/Dropbox/www/MiniFrameworkPhp/config/./../views/dmo.html.php does not exist
